2013-11-03T17:59:39.559Z - info:  Server started on port 8080

2013-11-03T18:00:02.139Z - info: Request received, answering with data
2013-11-03T18:00:30.303Z - info:  Server started on port 8080

2013-11-03T18:03:47.917Z - info:  Server started on port 8080

2013-11-03T18:03:54.879Z - info: Request received, answering with data
2013-11-03T18:06:49.510Z - info: Request received, answering with data
2013-11-03T18:06:50.725Z - info: Request received, answering with data
2013-11-03T18:07:01.100Z - info:  Server started on port 8080

2013-11-03T18:07:03.453Z - info: Request received, answering with data
2013-11-03T18:07:04.333Z - info: Request received, answering with data
2013-11-03T18:07:28.292Z - info: Request received, answering with data
2013-11-03T18:34:45.872Z - info:  Server started on port 8080

2013-11-03T18:40:13.973Z - info:  Server started on port 8080

2013-11-03T18:40:18.197Z - info: Request received, answering with data
2013-11-03T18:40:20.980Z - info: Request received, answering with data
2013-11-03T18:46:52.787Z - info:  Server started on port 8080

2013-11-03T18:46:59.362Z - info: Request received, answering with data
2013-11-03T18:53:29.122Z - info:  Server started on port 8080

2013-11-03T18:53:39.166Z - info: Request received, answering with data
2013-11-03T18:54:42.762Z - info:  Server started on port 8080

2013-11-03T18:54:49.210Z - info: Request received, answering with data
2013-11-03T18:58:14.876Z - info:  Server started on port 8080

2013-11-03T18:58:22.482Z - info: Request received, answering with data
2013-11-03T18:58:36.517Z - info: Doing a post on users
2013-11-03T18:58:36.517Z - info: Received undefined with password undefined
2013-11-03T18:58:44.150Z - info: Doing a post on users
2013-11-03T18:58:44.150Z - info: Received undefined with password undefined
2013-11-03T18:58:50.452Z - info: Doing a post on users
2013-11-03T18:58:50.453Z - info: Received undefined with password undefined
2013-11-03T18:58:51.180Z - info: Doing a post on users
2013-11-03T18:58:51.180Z - info: Received undefined with password undefined
2013-11-03T18:58:51.581Z - info: Doing a post on users
2013-11-03T18:58:51.581Z - info: Received undefined with password undefined
2013-11-03T18:58:51.876Z - info: Doing a post on users
2013-11-03T18:58:51.877Z - info: Received undefined with password undefined
2013-11-03T19:00:36.531Z - info: Doing a post on users
2013-11-03T19:00:36.531Z - info: Received undefined with password undefined
2013-11-03T19:00:44.157Z - info: Doing a post on users
2013-11-03T19:00:44.157Z - info: Received undefined with password undefined
2013-11-03T19:00:50.459Z - info: Doing a post on users
2013-11-03T19:00:50.459Z - info: Received undefined with password undefined
2013-11-03T19:00:51.181Z - info: Doing a post on users
2013-11-03T19:00:51.182Z - info: Received undefined with password undefined
2013-11-03T19:00:51.581Z - info: Doing a post on users
2013-11-03T19:00:51.581Z - info: Received undefined with password undefined
2013-11-03T19:00:51.878Z - info: Doing a post on users
2013-11-03T19:00:51.878Z - info: Received undefined with password undefined
2013-11-03T19:01:46.836Z - info:  Server started on port 8080

2013-11-03T19:02:04.229Z - info: Doing a post on users
2013-11-03T19:02:04.229Z - info: Received undefined with password undefined
2013-11-03T19:02:08.782Z - info: Doing a post on users
2013-11-03T19:02:08.782Z - info: Received undefined with password undefined
2013-11-03T19:02:08.965Z - info: Doing a post on users
2013-11-03T19:02:08.966Z - info: Received undefined with password undefined
2013-11-03T19:02:09.230Z - info: Doing a post on users
2013-11-03T19:02:09.231Z - info: Received undefined with password undefined
2013-11-03T19:02:23.317Z - info: Doing a post on users
2013-11-03T19:02:23.317Z - info: Received undefined with password undefined
2013-11-03T19:02:27.550Z - info: Doing a post on users
2013-11-03T19:02:27.550Z - info: Received undefined with password undefined
2013-11-03T19:04:04.238Z - info: Doing a post on users
2013-11-03T19:04:04.238Z - info: Received undefined with password undefined
2013-11-03T19:04:08.789Z - info: Doing a post on users
2013-11-03T19:04:08.789Z - info: Received undefined with password undefined
2013-11-03T19:04:08.966Z - info: Doing a post on users
2013-11-03T19:04:08.966Z - info: Received undefined with password undefined
2013-11-03T19:04:09.231Z - info: Doing a post on users
2013-11-03T19:04:09.232Z - info: Received undefined with password undefined
2013-11-03T19:04:23.333Z - info: Doing a post on users
2013-11-03T19:04:23.333Z - info: Received undefined with password undefined
2013-11-03T19:04:26.431Z - info: Doing a post on users
2013-11-03T19:04:26.431Z - info: Received undefined with password undefined
2013-11-03T19:04:27.553Z - info: Doing a post on users
2013-11-03T19:04:27.553Z - info: Received undefined with password undefined
2013-11-03T19:04:30.197Z - info: Doing a post on users
2013-11-03T19:04:30.197Z - info: Received undefined with password undefined
2013-11-03T19:04:43.542Z - info: Doing a post on users
2013-11-03T19:04:43.542Z - info: Received undefined with password undefined
2013-11-03T19:04:59.370Z - info: Doing a post on users
2013-11-03T19:04:59.370Z - info: Received undefined with password undefined
2013-11-03T19:05:11.648Z - info: Doing a post on users
2013-11-03T19:05:11.648Z - info: Received undefined with password undefined
2013-11-03T19:06:04.251Z - info: Doing a post on users
2013-11-03T19:06:04.251Z - info: Received undefined with password undefined
2013-11-03T19:06:08.793Z - info: Doing a post on users
2013-11-03T19:06:08.794Z - info: Received undefined with password undefined
2013-11-03T19:06:08.969Z - info: Doing a post on users
2013-11-03T19:06:08.969Z - info: Received undefined with password undefined
2013-11-03T19:06:09.234Z - info: Doing a post on users
2013-11-03T19:06:09.235Z - info: Received undefined with password undefined
2013-11-03T19:08:12.713Z - info: Doing a post on users
2013-11-03T19:08:12.714Z - info: Received undefined with password undefined
2013-11-03T19:08:13.408Z - info: Doing a post on users
2013-11-03T19:08:13.408Z - info: Received undefined with password undefined
2013-11-03T19:08:14.176Z - info: Doing a post on users
2013-11-03T19:08:14.176Z - info: Received undefined with password undefined
2013-11-03T19:08:14.400Z - info: Doing a post on users
2013-11-03T19:08:14.400Z - info: Received undefined with password undefined
2013-11-03T19:08:26.126Z - info:  Server started on port 8080

2013-11-03T19:08:48.162Z - info: Doing a post on users
2013-11-03T19:08:48.162Z - info: Received undefined with password undefined
2013-11-03T19:09:13.579Z - info: Doing a post on users
2013-11-03T19:09:13.580Z - info: Received undefined with password undefined
2013-11-03T19:09:28.498Z - info: Doing a post on users
2013-11-03T19:09:28.498Z - info: Received undefined with password undefined
2013-11-03T19:09:28.945Z - info: Doing a post on users
2013-11-03T19:09:28.945Z - info: Received undefined with password undefined
2013-11-03T19:09:29.129Z - info: Doing a post on users
2013-11-03T19:09:29.129Z - info: Received undefined with password undefined
2013-11-03T19:09:40.817Z - info: Doing a post on users
2013-11-03T19:09:40.817Z - info: Received undefined with password undefined
2013-11-03T19:10:48.169Z - info: Doing a post on users
2013-11-03T19:10:48.169Z - info: Received undefined with password undefined
2013-11-03T19:11:10.813Z - info: Request received, answering with data
2013-11-03T19:11:13.581Z - info: Doing a post on users
2013-11-03T19:11:13.582Z - info: Received undefined with password undefined
2013-11-03T19:11:14.846Z - info: Request received, answering with data
2013-11-03T19:11:15.740Z - info: Request received, answering with data
2013-11-03T19:11:28.500Z - info: Doing a post on users
2013-11-03T19:11:28.500Z - info: Received undefined with password undefined
2013-11-03T19:11:28.946Z - info: Doing a post on users
2013-11-03T19:11:28.946Z - info: Received undefined with password undefined
2013-11-03T19:11:29.130Z - info: Doing a post on users
2013-11-03T19:11:29.130Z - info: Received undefined with password undefined
2013-11-03T19:11:40.819Z - info: Doing a post on users
2013-11-03T19:11:40.819Z - info: Received undefined with password undefined
2013-11-03T19:12:35.931Z - info:  Server started on port 8080

2013-11-03T19:12:46.959Z - info: Request received, answering with data
2013-11-03T19:13:14.629Z - info: Doing a post on users
2013-11-03T19:13:14.630Z - info: Received undefined with password undefined
2013-11-03T19:13:16.002Z - info: Doing a post on users
2013-11-03T19:13:16.002Z - info: Received undefined with password undefined
2013-11-03T19:13:16.225Z - info: Doing a post on users
2013-11-03T19:13:16.225Z - info: Received undefined with password undefined
2013-11-03T19:13:16.409Z - info: Doing a post on users
2013-11-03T19:13:16.410Z - info: Received undefined with password undefined
2013-11-03T19:13:16.594Z - info: Doing a post on users
2013-11-03T19:13:16.594Z - info: Received undefined with password undefined
2013-11-03T19:15:14.654Z - info: Doing a post on users
2013-11-03T19:15:14.654Z - info: Received undefined with password undefined
2013-11-03T19:15:16.004Z - info: Doing a post on users
2013-11-03T19:15:16.004Z - info: Received undefined with password undefined
2013-11-03T19:15:16.227Z - info: Doing a post on users
2013-11-03T19:15:16.227Z - info: Received undefined with password undefined
2013-11-03T19:15:16.411Z - info: Doing a post on users
2013-11-03T19:15:16.411Z - info: Received undefined with password undefined
2013-11-03T19:15:16.594Z - info: Doing a post on users
2013-11-03T19:15:16.594Z - info: Received undefined with password undefined
2013-11-03T19:16:23.207Z - info:  Server started on port 8080

2013-11-03T19:16:28.685Z - info: Request received, answering with data
2013-11-03T19:16:42.605Z - info: Doing a post on users
2013-11-03T19:16:42.605Z - info: Received undefined with password undefined
2013-11-03T19:16:44.194Z - info: Doing a post on users
2013-11-03T19:16:44.194Z - info: Received undefined with password undefined
2013-11-03T19:16:44.714Z - info: Doing a post on users
2013-11-03T19:16:44.714Z - info: Received undefined with password undefined
2013-11-03T19:16:44.892Z - info: Doing a post on users
2013-11-03T19:16:44.892Z - info: Received undefined with password undefined
2013-11-03T19:16:45.075Z - info: Doing a post on users
2013-11-03T19:16:45.075Z - info: Received undefined with password undefined
2013-11-03T19:16:45.316Z - info: Doing a post on users
2013-11-03T19:16:45.316Z - info: Received undefined with password undefined
2013-11-03T19:17:54.843Z - info:  Server started on port 8080

2013-11-03T19:18:06.236Z - info: Request received, answering with data
2013-11-03T19:18:18.974Z - info: Doing a post on users
2013-11-03T19:18:18.974Z - info: Received undefined with password undefined
2013-11-03T19:18:59.067Z - info: Doing a post on users
2013-11-03T19:18:59.068Z - info: Received undefined with password undefined
2013-11-03T19:19:26.938Z - info: Doing a post on users
2013-11-03T19:19:26.939Z - info: Received undefined with password undefined
2013-11-03T19:19:35.040Z - info:  Server started on port 8080

2013-11-03T19:19:41.208Z - info: Request received, answering with data
2013-11-03T19:19:50.884Z - info: Doing a post on users
2013-11-03T19:19:50.884Z - info: Received undefined with password undefined
2013-11-03T19:20:40.316Z - info: Doing a post on users
2013-11-03T19:20:40.316Z - info: Received undefined with password undefined
2013-11-03T19:20:43.700Z - info:  Server started on port 8080

2013-11-03T19:20:45.454Z - info: Doing a post on users
2013-11-03T19:20:45.455Z - info: Received undefined with password undefined
2013-11-03T19:20:51.800Z - info: Doing a post on users
2013-11-03T19:20:51.801Z - info: Received undefined with password undefined
2013-11-03T19:20:57.733Z - info: Request received, answering with data
2013-11-03T19:21:06.449Z - info: Doing a post on users
2013-11-03T19:21:06.449Z - info: Received undefined with password undefined
2013-11-03T19:21:29.500Z - info: Doing a post on users
2013-11-03T19:21:29.501Z - info: Received undefined with password undefined
2013-11-03T19:21:32.090Z - info:  Server started on port 8080

2013-11-03T19:21:34.060Z - info: Doing a post on users
2013-11-03T19:21:34.061Z - info: Received undefined with password undefined
2013-11-03T19:21:36.292Z - info: Doing a post on users
2013-11-03T19:21:36.292Z - info: Received undefined with password undefined
2013-11-03T19:21:41.476Z - info: Request received, answering with data
2013-11-03T19:21:50.963Z - info: Doing a post on users
2013-11-03T19:21:50.963Z - info: Received undefined with password undefined
2013-11-03T19:23:20.486Z - info:  Server started on port 8080

2013-11-03T19:23:28.928Z - info: Request received, answering with data
2013-11-03T19:23:39.865Z - info: Doing a post on users
2013-11-03T19:23:42.915Z - info: Doing a post on users
2013-11-03T19:24:29.812Z - info:  Server started on port 8080

2013-11-03T19:24:34.844Z - info: Request received, answering with data
2013-11-03T19:24:49.157Z - info: Doing a post on users
2013-11-03T19:25:27.835Z - info: Doing a post on users
2013-11-03T19:25:31.577Z - info:  Server started on port 8080

2013-11-03T19:25:37.529Z - info: Request received, answering with data
2013-11-03T19:25:46.925Z - info: Doing a post on users
2013-11-03T19:26:06.109Z - info: Doing a post on users
2013-11-03T19:26:31.048Z - info:  Server started on port 8080

2013-11-03T19:26:35.171Z - info: Request received, answering with data
2013-11-03T19:26:46.163Z - info: Receiving a post on users
2013-11-03T19:27:00.723Z - info:  Server started on port 8080

2013-11-03T19:27:04.923Z - info:  Server started on port 8080

2013-11-03T19:27:49.486Z - info: Request received, answering with data
2013-11-03T19:28:51.885Z - info: Receiving a post on users
2013-11-03T19:30:08.934Z - info:  Server started on port 8080

2013-11-03T19:30:17.904Z - info: Request received, answering with data
2013-11-03T19:30:31.167Z - info: Receiving a post on users
2013-11-03T19:30:31.168Z - info: Received muallin@gmail.com with password adosvelas
2013-11-03T19:32:31.184Z - info: Receiving a post on users
2013-11-03T19:32:31.184Z - info: Received muallin@gmail.com with password adosvelas
2013-11-03T19:38:05.178Z - info:  Server started on port 8080

2013-11-03T19:38:09.139Z - info: Request received, answering with data
2013-11-03T19:40:51.756Z - info:  Server started on port 8080

2013-11-03T19:45:27.685Z - info:  Server started on port 8080

2013-11-03T19:45:31.302Z - info: Request received, answering with data
2013-11-03T19:47:29.611Z - info:  Server started on port 8080

2013-11-03T19:47:56.565Z - info: Request received, answering with data
2013-11-03T19:47:56.643Z - info: Request received, answering with data
2013-11-03T19:51:05.032Z - info:  Server started on port 8080

2013-11-03T19:51:20.666Z - info: Request received, answering with data
2013-11-03T19:51:20.738Z - info: Request received, answering with data
2013-11-03T19:52:36.894Z - info:  Server started on port 8080

2013-11-03T19:52:47.699Z - info: Request received, answering with data
2013-11-03T19:52:47.729Z - info: Request received, answering with data
2013-11-03T19:55:52.779Z - info:  Server started on port 8080

2013-11-03T19:55:56.227Z - info: Request received, answering with data
2013-11-03T19:55:56.268Z - info: Request received, answering with data
2013-11-03T19:56:52.406Z - info:  Server started on port 8080

2013-11-03T19:56:55.036Z - info: Request received, answering with data
2013-11-03T19:56:55.080Z - info: Request received, answering with data
2013-11-03T19:58:11.383Z - info:  Server started on port 8080

2013-11-03T19:58:19.861Z - info: Request received, answering with data
2013-11-03T19:58:19.909Z - info: Request received, answering with data
2013-11-03T19:58:33.628Z - info: Request received, answering with data
2013-11-03T19:58:33.686Z - info: Request received, answering with data
2013-11-03T19:58:34.613Z - info: Request received, answering with data
2013-11-03T19:58:34.662Z - info: Request received, answering with data
2013-11-03T19:59:49.349Z - info:  Server started on port 8080

2013-11-03T19:59:55.147Z - info: Request received, answering with data
2013-11-03T19:59:55.193Z - info: Request received, answering with data
2013-11-03T19:59:56.141Z - info: Request received, answering with data
2013-11-03T19:59:56.188Z - info: Request received, answering with data
2013-11-03T20:00:13.312Z - info:  Server started on port 8080

2013-11-03T20:00:21.421Z - info: Request received, answering with data
2013-11-03T20:00:21.472Z - info: Request received, answering with data
2013-11-03T20:01:12.915Z - info:  Server started on port 8080

2013-11-03T20:01:16.378Z - info: Request received, answering with data
2013-11-03T20:01:16.409Z - info: Request received, answering with data
2013-11-03T20:01:23.445Z - info: An user has ordered a request
2013-11-03T20:01:45.110Z - info:  Server started on port 8080

2013-11-03T20:02:22.916Z - info: Request received, answering with data
2013-11-03T20:02:22.944Z - info: Request received, answering with data
2013-11-03T20:02:30.176Z - info: An user has ordered a request
2013-11-03T20:05:16.674Z - info: Request received, answering with data
2013-11-03T20:05:16.690Z - info: Request received, answering with data
2013-11-03T20:05:18.745Z - info:  Server started on port 8080

2013-11-03T20:05:21.356Z - info: Request received, answering with data
2013-11-03T20:05:21.386Z - info: Request received, answering with data
2013-11-03T20:05:32.332Z - info: An user has ordered a request
2013-11-03T20:06:59.359Z - info: Receiving a post on users
2013-11-03T20:06:59.359Z - info: Received ewew@ereco.com with password rewrewrew
2013-11-03T20:07:14.204Z - info: Request received, answering with data
2013-11-03T20:07:14.286Z - info: Request received, answering with data
2013-11-03T20:07:15.817Z - info: An user has ordered a request
2013-11-03T20:08:59.432Z - info: Receiving a post on users
2013-11-03T20:08:59.432Z - info: Received ewew@ereco.com with password rewrewrew
2013-11-03T20:09:25.335Z - info:  Server started on port 8080

2013-11-03T20:09:31.463Z - info: Request received, answering with data
2013-11-03T20:09:31.505Z - info: Request received, answering with data
2013-11-03T20:09:34.219Z - info: An user has ordered a request
2013-11-03T20:11:36.630Z - info:  Server started on port 8080

2013-11-03T20:11:50.947Z - info: Request received, answering with data
2013-11-03T20:11:50.983Z - info: Request received, answering with data
2013-11-03T20:11:57.576Z - info: An user has ordered a request
2013-11-03T20:16:09.524Z - info:  Server started on port 8080

2013-11-03T20:16:13.268Z - info: Request received, answering with data
2013-11-03T20:16:13.323Z - info: Request received, answering with data
2013-11-03T20:16:56.491Z - info:  Server started on port 8080

2013-11-03T20:16:59.553Z - info: Request received, answering with data
2013-11-03T20:16:59.591Z - info: Request received, answering with data
2013-11-03T20:17:19.274Z - info:  Server started on port 8080

2013-11-03T20:17:22.085Z - info: Request received, answering with data
2013-11-03T20:17:22.123Z - info: Request received, answering with data
2013-11-03T20:17:40.673Z - info: Request received, answering with data
2013-11-03T20:17:40.722Z - info: Request received, answering with data
2013-11-03T20:19:08.358Z - info:  Server started on port 8080

2013-11-03T20:19:10.894Z - info: Request received, answering with data
2013-11-03T20:19:10.963Z - info: Request received, answering with data
2013-11-03T20:20:18.750Z - info: Request received, answering with data
2013-11-03T20:20:18.797Z - info: Request received, answering with data
2013-11-03T20:20:52.837Z - info: Request received, answering with data
2013-11-03T20:20:52.934Z - info: Request received, answering with data
2013-11-03T20:21:26.413Z - info:  Server started on port 8080

2013-11-03T20:21:29.151Z - info: Request received, answering with data
2013-11-03T20:21:29.188Z - info: Request received, answering with data
2013-11-03T20:22:50.902Z - info: Request received, answering with data
2013-11-03T20:22:51.112Z - info: Request received, answering with data
